<?xml version="1.0" encoding="UTF-8"?>
<!-- Generated by org.testng.reporters.JUnitReportReporter -->
<testsuite skipped="0" hostname="PKAPC-DELL1420" name="testcases.TC002_LoginNegative" tests="4" failures="0" timestamp="10 Dec 2017 02:49:54 GMT" time="45.227" errors="0">
  <testcase name="loginFail" time="11.308" classname="testcases.TC002_LoginNegative"/>
  <testcase name="loginFail" time="11.296" classname="testcases.TC002_LoginNegative"/>
  <testcase name="loginFail" time="11.949" classname="testcases.TC002_LoginNegative"/>
  <testcase name="loginFail" time="10.674" classname="testcases.TC002_LoginNegative"/>
</testsuite> <!-- testcases.TC002_LoginNegative -->
