<?xml version="1.0" encoding="UTF-8"?>
<!-- Generated by org.testng.reporters.JUnitReportReporter -->
<testsuite skipped="0" hostname="PKAPC-DELL1420" name="testcases.TC001_LoginLogOut" tests="2" failures="0" timestamp="13 Dec 2017 08:58:11 GMT" time="31.370" errors="0">
  <testcase name="logInLogOut" time="12.597" classname="testcases.TC001_LoginLogOut"/>
  <testcase name="logInLogOut" time="18.773" classname="testcases.TC001_LoginLogOut"/>
</testsuite> <!-- testcases.TC001_LoginLogOut -->
