<?xml version="1.0" encoding="UTF-8"?>
<!-- Generated by org.testng.reporters.JUnitReportReporter -->
<testsuite skipped="0" hostname="PKAPC-DELL1420" name="testcases.TC003_CreateLead" tests="1" failures="0" timestamp="21 Dec 2017 05:07:12 GMT" time="80.329" errors="0">
  <testcase name="createLeadTestCase" time="80.329" classname="testcases.TC003_CreateLead"/>
</testsuite> <!-- testcases.TC003_CreateLead -->
